d:\work\藤元\breakout\x64\debug\vc141.pdb
d:\work\藤元\breakout\x64\debug\vc141.idb
d:\work\藤元\breakout\x64\debug\breakout_utility.obj
d:\work\藤元\breakout\x64\debug\box.obj
d:\work\藤元\breakout\x64\debug\screen.obj
d:\work\藤元\breakout\x64\debug\scene_game.obj
d:\work\藤元\breakout\x64\debug\object_2d.obj
d:\work\藤元\breakout\x64\debug\main.obj
d:\work\藤元\breakout\x64\debug\gameinfo.obj
d:\work\藤元\breakout\x64\debug\fieldcollision.obj
d:\work\藤元\breakout\x64\debug\block.obj
d:\work\藤元\breakout\x64\debug\bar.obj
d:\work\藤元\breakout\x64\debug\ball.obj
d:\work\藤元\breakout\x64\debug\key.obj
d:\work\藤元\breakout\x64\debug\boxcollisionc.obj
d:\work\藤元\breakout\x64\debug\breakout.exe
d:\work\藤元\breakout\x64\debug\breakout.ilk
d:\work\藤元\breakout\x64\debug\breakout.pdb
d:\work\藤元\breakout\x64\debug\breakout.tlog\cl.command.1.tlog
d:\work\藤元\breakout\x64\debug\breakout.tlog\cl.read.1.tlog
d:\work\藤元\breakout\x64\debug\breakout.tlog\cl.write.1.tlog
d:\work\藤元\breakout\x64\debug\breakout.tlog\link.command.1.tlog
d:\work\藤元\breakout\x64\debug\breakout.tlog\link.read.1.tlog
d:\work\藤元\breakout\x64\debug\breakout.tlog\link.write.1.tlog
